<?xml version="1.0" encoding="UTF-8"?>
<testsuite name="io.github.jx2lee.advanced.trace.hellotrace.HelloTraceV1Test" tests="4" skipped="0" failures="0" errors="0" timestamp="2022-01-12T15:08:39" hostname="NHN.local" time="0.389">
  <properties/>
  <testcase name="begin_end()" classname="io.github.jx2lee.advanced.trace.hellotrace.HelloTraceV1Test" time="0.049"/>
  <testcase name="begin_exceptions_mock()" classname="io.github.jx2lee.advanced.trace.hellotrace.HelloTraceV1Test" time="0.335"/>
  <testcase name="begin_exceptions()" classname="io.github.jx2lee.advanced.trace.hellotrace.HelloTraceV1Test" time="0.001"/>
  <testcase name="begin_end_mock()" classname="io.github.jx2lee.advanced.trace.hellotrace.HelloTraceV1Test" time="0.002"/>
  <system-out><![CDATA[00:08:39.910 [Test worker] INFO io.github.jx2lee.advanced.trace.hellotrace.HelloTraceV1 - [4bdfdf14] hello
00:08:39.915 [Test worker] INFO io.github.jx2lee.advanced.trace.hellotrace.HelloTraceV1 - [4bdfdf14] hello time=6ms
00:08:40.256 [Test worker] INFO io.github.jx2lee.advanced.trace.hellotrace.HelloTraceV1 - [59fc9537] hello
00:08:40.256 [Test worker] INFO io.github.jx2lee.advanced.trace.hellotrace.HelloTraceV1 - [59fc9537] hello time=0ms ex={}
]]></system-out>
  <system-err><![CDATA[]]></system-err>
</testsuite>
