<?xml version="1.0" encoding="UTF-8"?>
<testsuite name="io.github.jx2lee.advanced.trace.hellotrace.HelloTraceV1Test" tests="4" skipped="0" failures="0" errors="0" timestamp="2022-01-18T01:01:03" hostname="NHN.local" time="0.338">
  <properties/>
  <testcase name="begin_end()" classname="io.github.jx2lee.advanced.trace.hellotrace.HelloTraceV1Test" time="0.046"/>
  <testcase name="begin_exceptions_mock()" classname="io.github.jx2lee.advanced.trace.hellotrace.HelloTraceV1Test" time="0.288"/>
  <testcase name="begin_exceptions()" classname="io.github.jx2lee.advanced.trace.hellotrace.HelloTraceV1Test" time="0.001"/>
  <testcase name="begin_end_mock()" classname="io.github.jx2lee.advanced.trace.hellotrace.HelloTraceV1Test" time="0.001"/>
  <system-out><![CDATA[10:01:03.333 [Test worker] INFO io.github.jx2lee.advanced.trace.hellotrace.HelloTraceV1 - [ec19530b] hello
10:01:03.337 [Test worker] INFO io.github.jx2lee.advanced.trace.hellotrace.HelloTraceV1 - [ec19530b] hello time=5ms
10:01:03.631 [Test worker] INFO io.github.jx2lee.advanced.trace.hellotrace.HelloTraceV1 - [283ded78] hello
10:01:03.631 [Test worker] INFO io.github.jx2lee.advanced.trace.hellotrace.HelloTraceV1 - [283ded78] hello time=0ms ex={}
]]></system-out>
  <system-err><![CDATA[]]></system-err>
</testsuite>
